# JRE version: Java(TM) SE Runtime Environment (7.0_80-b15) (build 1.7.0_80-b15)
# Java VM: Java HotSpot(TM) 64-Bit Server VM (24.80-b11 mixed mode linux-amd64 compressed oops)
Heap
 PSYoungGen      total 136192K, used 10736K [0x00000000d7280000, 0x00000000e0380000, 0x0000000100000000)
  eden space 125440K, 0% used [0x00000000d7280000,0x00000000d7280000,0x00000000ded00000)
  from space 10752K, 99% used [0x00000000ded00000,0x00000000df77c050,0x00000000df780000)
  to   space 9216K, 0% used [0x00000000df780000,0x00000000df780000,0x00000000e0080000)
 ParOldGen       total 83456K, used 22546K [0x0000000085800000, 0x000000008a980000, 0x00000000d7280000)
  object space 83456K, 27% used [0x0000000085800000,0x0000000086e04840,0x000000008a980000)
 PSPermGen       total 24064K, used 23729K [0x0000000080600000, 0x0000000081d80000, 0x0000000085800000)
  object space 24064K, 98% used [0x0000000080600000,0x0000000081d2c570,0x0000000081d80000)
GC Heap History (10 events):
Event: 1.087 GC heap after
Heap after GC invocations=2 (full 0):
 PSYoungGen      total 36864K, used 5117K [0x00000000d7280000, 0x00000000dba80000, 0x0000000100000000)
  eden space 31744K, 0% used [0x00000000d7280000,0x00000000d7280000,0x00000000d9180000)
  from space 5120K, 99% used [0x00000000d9680000,0x00000000d9b7f550,0x00000000d9b80000)
  to   space 5120K, 0% used [0x00000000d9180000,0x00000000d9180000,0x00000000d9680000)
 ParOldGen       total 83456K, used 1602K [0x0000000085800000, 0x000000008a980000, 0x00000000d7280000)
  object space 83456K, 1% used [0x0000000085800000,0x0000000085990918,0x000000008a980000)
 PSPermGen       total 21504K, used 11996K [0x0000000080600000, 0x0000000081b00000, 0x0000000085800000)
  object space 21504K, 55% used [0x0000000080600000,0x00000000811b7000,0x0000000081b00000)
}
Event: 1.540 GC heap before
{Heap before GC invocations=3 (full 0):
 PSYoungGen      total 36864K, used 36861K [0x00000000d7280000, 0x00000000dba80000, 0x0000000100000000)
  eden space 31744K, 100% used [0x00000000d7280000,0x00000000d9180000,0x00000000d9180000)
  from space 5120K, 99% used [0x00000000d9680000,0x00000000d9b7f550,0x00000000d9b80000)
  to   space 5120K, 0% used [0x00000000d9180000,0x00000000d9180000,0x00000000d9680000)
 ParOldGen       total 83456K, used 1602K [0x0000000085800000, 0x000000008a980000, 0x00000000d7280000)
  object space 83456K, 1% used [0x0000000085800000,0x0000000085990918,0x000000008a980000)
 PSPermGen       total 21504K, used 14573K [0x0000000080600000, 0x0000000081b00000, 0x0000000085800000)
  object space 21504K, 67% used [0x0000000080600000,0x000000008143b638,0x0000000081b00000)
Event: 1.545 GC heap after
Heap after GC invocations=3 (full 0):
 PSYoungGen      total 36864K, used 5088K [0x00000000d7280000, 0x00000000dba80000, 0x0000000100000000)
  eden space 31744K, 0% used [0x00000000d7280000,0x00000000d7280000,0x00000000d9180000)
  from space 5120K, 99% used [0x00000000d9180000,0x00000000d9678020,0x00000000d9680000)
  to   space 5120K, 0% used [0x00000000db580000,0x00000000db580000,0x00000000dba80000)
 ParOldGen       total 83456K, used 2844K [0x0000000085800000, 0x000000008a980000, 0x00000000d7280000)
  object space 83456K, 3% used [0x0000000085800000,0x0000000085ac72e8,0x000000008a980000)
 PSPermGen       total 21504K, used 14573K [0x0000000080600000, 0x0000000081b00000, 0x0000000085800000)
  object space 21504K, 67% used [0x0000000080600000,0x000000008143b638,0x0000000081b00000)
}
Event: 1.873 GC heap before
{Heap before GC invocations=4 (full 0):
 PSYoungGen      total 36864K, used 36832K [0x00000000d7280000, 0x00000000dba80000, 0x0000000100000000)
  eden space 31744K, 100% used [0x00000000d7280000,0x00000000d9180000,0x00000000d9180000)
  from space 5120K, 99% used [0x00000000d9180000,0x00000000d9678020,0x00000000d9680000)
  to   space 5120K, 0% used [0x00000000db580000,0x00000000db580000,0x00000000dba80000)
 ParOldGen       total 83456K, used 2844K [0x0000000085800000, 0x000000008a980000, 0x00000000d7280000)
  object space 83456K, 3% used [0x0000000085800000,0x0000000085ac72e8,0x000000008a980000)
 PSPermGen       total 21504K, used 15927K [0x0000000080600000, 0x0000000081b00000, 0x0000000085800000)
  object space 21504K, 74% used [0x0000000080600000,0x000000008158dd38,0x0000000081b00000)
Event: 1.878 GC heap after
Heap after GC invocations=4 (full 0):
 PSYoungGen      total 68608K, used 5104K [0x00000000d7280000, 0x00000000dba80000, 0x0000000100000000)
  eden space 63488K, 0% used [0x00000000d7280000,0x00000000d7280000,0x00000000db080000)
  from space 5120K, 99% used [0x00000000db580000,0x00000000dba7c180,0x00000000dba80000)
  to   space 5120K, 0% used [0x00000000db080000,0x00000000db080000,0x00000000db580000)
 ParOldGen       total 83456K, used 5314K [0x0000000085800000, 0x000000008a980000, 0x00000000d7280000)
  object space 83456K, 6% used [0x0000000085800000,0x0000000085d30a50,0x000000008a980000)
 PSPermGen       total 21504K, used 15927K [0x0000000080600000, 0x0000000081b00000, 0x0000000085800000)
  object space 21504K, 74% used [0x0000000080600000,0x000000008158dd38,0x0000000081b00000)
}
Event: 2.288 GC heap before
{Heap before GC invocations=5 (full 0):
 PSYoungGen      total 68608K, used 68592K [0x00000000d7280000, 0x00000000dba80000, 0x0000000100000000)
  eden space 63488K, 100% used [0x00000000d7280000,0x00000000db080000,0x00000000db080000)
  from space 5120K, 99% used [0x00000000db580000,0x00000000dba7c180,0x00000000dba80000)
  to   space 5120K, 0% used [0x00000000db080000,0x00000000db080000,0x00000000db580000)
 ParOldGen       total 83456K, used 5314K [0x0000000085800000, 0x000000008a980000, 0x00000000d7280000)
  object space 83456K, 6% used [0x0000000085800000,0x0000000085d30a50,0x000000008a980000)
 PSPermGen       total 21504K, used 16047K [0x0000000080600000, 0x0000000081b00000, 0x0000000085800000)
  object space 21504K, 74% used [0x0000000080600000,0x00000000815abf18,0x0000000081b00000)
Event: 2.294 GC heap after
Heap after GC invocations=5 (full 0):
 PSYoungGen      total 68608K, used 5088K [0x00000000d7280000, 0x00000000e0080000, 0x0000000100000000)
  eden space 63488K, 0% used [0x00000000d7280000,0x00000000d7280000,0x00000000db080000)
  from space 5120K, 99% used [0x00000000db080000,0x00000000db578020,0x00000000db580000)
  to   space 9216K, 0% used [0x00000000df780000,0x00000000df780000,0x00000000e0080000)
 ParOldGen       total 83456K, used 8507K [0x0000000085800000, 0x000000008a980000, 0x00000000d7280000)
  object space 83456K, 10% used [0x0000000085800000,0x000000008604efa0,0x000000008a980000)
 PSPermGen       total 21504K, used 16047K [0x0000000080600000, 0x0000000081b00000, 0x0000000085800000)
  object space 21504K, 74% used [0x0000000080600000,0x00000000815abf18,0x0000000081b00000)
}
Event: 2.849 GC heap before
{Heap before GC invocations=6 (full 0):
 PSYoungGen      total 68608K, used 68576K [0x00000000d7280000, 0x00000000e0080000, 0x0000000100000000)
  eden space 63488K, 100% used [0x00000000d7280000,0x00000000db080000,0x00000000db080000)
  from space 5120K, 99% used [0x00000000db080000,0x00000000db578020,0x00000000db580000)
  to   space 9216K, 0% used [0x00000000df780000,0x00000000df780000,0x00000000e0080000)
 ParOldGen       total 83456K, used 8507K [0x0000000085800000, 0x000000008a980000, 0x00000000d7280000)
  object space 83456K, 10% used [0x0000000085800000,0x000000008604efa0,0x000000008a980000)
 PSPermGen       total 21504K, used 19947K [0x0000000080600000, 0x0000000081b00000, 0x0000000085800000)
  object space 21504K, 92% used [0x0000000080600000,0x000000008197af48,0x0000000081b00000)
Event: 2.857 GC heap after
Heap after GC invocations=6 (full 0):
 PSYoungGen      total 134656K, used 9192K [0x00000000d7280000, 0x00000000e0380000, 0x0000000100000000)
  eden space 125440K, 0% used [0x00000000d7280000,0x00000000d7280000,0x00000000ded00000)
  from space 9216K, 99% used [0x00000000df780000,0x00000000e007a0c0,0x00000000e0080000)
  to   space 10752K, 0% used [0x00000000ded00000,0x00000000ded00000,0x00000000df780000)
 ParOldGen       total 83456K, used 8944K [0x0000000085800000, 0x000000008a980000, 0x00000000d7280000)
  object space 83456K, 10% used [0x0000000085800000,0x00000000860bc030,0x000000008a980000)
 PSPermGen       total 21504K, used 19947K [0x0000000080600000, 0x0000000081b00000, 0x0000000085800000)
  object space 21504K, 92% used [0x0000000080600000,0x000000008197af48,0x0000000081b00000)
}
Event: 4.184 GC heap before
{Heap before GC invocations=7 (full 0):
 PSYoungGen      total 134656K, used 134632K [0x00000000d7280000, 0x00000000e0380000, 0x0000000100000000)
  eden space 125440K, 100% used [0x00000000d7280000,0x00000000ded00000,0x00000000ded00000)
  from space 9216K, 99% used [0x00000000df780000,0x00000000e007a0c0,0x00000000e0080000)
  to   space 10752K, 0% used [0x00000000ded00000,0x00000000ded00000,0x00000000df780000)
 ParOldGen       total 83456K, used 8944K [0x0000000085800000, 0x000000008a980000, 0x00000000d7280000)
  object space 83456K, 10% used [0x0000000085800000,0x00000000860bc030,0x000000008a980000)
 PSPermGen       total 24064K, used 23729K [0x0000000080600000, 0x0000000081d80000, 0x0000000085800000)
  object space 24064K, 98% used [0x0000000080600000,0x0000000081d2c570,0x0000000081d80000)

